=== cycle 1 seed=20260311 ===
run_id=20260301-023132
artifact=s3://soldem-2026-539881456097-1772358537/artifacts/soldem_v5_e5f3ced.tar.gz
mapping_file=research_logs/aws_worker_map_20260301-023132.jsonl
launched worker_idx=0 instance_id=i-032cd2544c31d24ec
launched worker_idx=1 instance_id=i-0da9affa7bafd08eb
launched worker_idx=2 instance_id=i-04a8aeb4af78c40b7
launched worker_idx=3 instance_id=i-0436c7348f4223967
launched worker_idx=4 instance_id=i-0d883517d27cdbb54
launched worker_idx=5 instance_id=i-0191db337be20363a
launched worker_idx=6 instance_id=i-096a742638896a577
launched worker_idx=7 instance_id=i-0c10646ccf4184b0c
launched worker_idx=8 instance_id=i-0f346b3f6aec809e0
launched worker_idx=9 instance_id=i-0f75f145690ac7d9d
launched worker_idx=10 instance_id=i-02281a3c20411adf6
launched worker_idx=11 instance_id=i-0087baf1d94c55a61
done run_id=20260301-023132
worker mapping in research_logs/aws_worker_map_20260301-023132.jsonl
run_id=20260301-023132 expected_files=12
run_id=20260301-023132 files=0/12
run_id=20260301-023132 files=0/12
run_id=20260301-023132 files=0/12
run_id=20260301-023132 files=0/12
run_id=20260301-023132 files=1/12
run_id=20260301-023132 files=4/12
run_id=20260301-023132 files=4/12
run_id=20260301-023132 files=4/12
run_id=20260301-023132 files=4/12
run_id=20260301-023132 files=5/12
run_id=20260301-023132 files=8/12
run_id=20260301-023132 files=8/12
run_id=20260301-023132 files=8/12
run_id=20260301-023132 files=8/12
run_id=20260301-023132 files=8/12
run_id=20260301-023132 files=8/12
run_id=20260301-023132 files=8/12
run_id=20260301-023132 files=8/12
run_id=20260301-023132 files=9/12
run_id=20260301-023132 files=11/12
run_id=20260301-023132 files=12/12
{
  "out": "research_logs/experiment_outputs/distributed_20260301-023132/aggregate_summary.json",
  "missing": 0
}
i-04a8aeb4af78c40b7	i-0191db337be20363a	i-0087baf1d94c55a61	i-0d883517d27cdbb54	i-0f75f145690ac7d9d	i-0da9affa7bafd08eb	i-02281a3c20411adf6	i-032cd2544c31d24ec	i-096a742638896a577	i-0436c7348f4223967	i-0f346b3f6aec809e0	i-0c10646ccf4184b0c
continuous loop complete
